<?xml version="1.0" encoding="UTF-8"?>
<testng-results ignored="0" total="4" passed="4" failed="0" skipped="0">
  <reporter-output>
  </reporter-output>
  <suite started-at="2024-02-28T07:32:58Z" name="orange hrm test suite" finished-at="2024-02-28T07:33:47Z" duration-ms="48836">
    <groups>
    </groups>
    <test started-at="2024-02-28T07:32:58Z" name="adminlogin with valid data" finished-at="2024-02-28T07:33:04Z" duration-ms="5802">
      <class name="OHRM_testcases.admin_login_valid_inputs">
        <test-method signature="adminWithvalidData(java.lang.String, java.lang.String)[pri:0, instance:OHRM_testcases.admin_login_valid_inputs@29176cc1]" started-at="2024-02-28T07:32:59Z" name="adminWithvalidData" finished-at="2024-02-28T07:33:04Z" duration-ms="5617" status="PASS">
          <params>
            <param index="0">
              <value>
                <![CDATA[Admin]]>
              </value>
            </param>
            <param index="1">
              <value>
                <![CDATA[Qedge123!@#]]>
              </value>
            </param>
          </params>
          <reporter-output>
          </reporter-output>
        </test-method> <!-- adminWithvalidData -->
      </class> <!-- OHRM_testcases.admin_login_valid_inputs -->
    </test> <!-- adminlogin with valid data -->
    <test started-at="2024-02-28T07:33:04Z" name="adminlogin With invalid data" finished-at="2024-02-28T07:33:06Z" duration-ms="1226">
      <class name="OHRM_testcases.adminloginWith_invaliddata">
        <test-method signature="adminWithinvalidData(java.lang.String, java.lang.String)[pri:0, instance:OHRM_testcases.adminloginWith_invaliddata@1677d1]" started-at="2024-02-28T07:33:04Z" name="adminWithinvalidData" finished-at="2024-02-28T07:33:06Z" duration-ms="1217" status="PASS">
          <params>
            <param index="0">
              <value>
                <![CDATA[abc]]>
              </value>
            </param>
            <param index="1">
              <value>
                <![CDATA[123]]>
              </value>
            </param>
          </params>
          <reporter-output>
          </reporter-output>
        </test-method> <!-- adminWithinvalidData -->
      </class> <!-- OHRM_testcases.adminloginWith_invaliddata -->
    </test> <!-- adminlogin With invalid data -->
    <test started-at="2024-02-28T07:33:06Z" name="emp registraion" finished-at="2024-02-28T07:33:16Z" duration-ms="10268">
      <class name="OHRM_testcases.employee_registrationeTrst">
        <test-method is-config="true" signature="Adminlogin()[pri:0, instance:OHRM_testcases.employee_registrationeTrst@49c386c8]" started-at="2024-02-28T07:33:06Z" name="Adminlogin" finished-at="2024-02-28T07:33:08Z" duration-ms="2033" status="PASS">
          <reporter-output>
          </reporter-output>
        </test-method> <!-- Adminlogin -->
        <test-method signature="empcreation(java.lang.String, java.lang.String)[pri:0, instance:OHRM_testcases.employee_registrationeTrst@49c386c8]" started-at="2024-02-28T07:33:08Z" name="empcreation" finished-at="2024-02-28T07:33:15Z" duration-ms="7001" status="PASS">
          <params>
            <param index="0">
              <value>
                <![CDATA[latinum]]>
              </value>
            </param>
            <param index="1">
              <value>
                <![CDATA[p]]>
              </value>
            </param>
          </params>
          <reporter-output>
          </reporter-output>
        </test-method> <!-- empcreation -->
        <test-method is-config="true" signature="Adminlogout()[pri:0, instance:OHRM_testcases.employee_registrationeTrst@49c386c8]" started-at="2024-02-28T07:33:15Z" name="Adminlogout" finished-at="2024-02-28T07:33:16Z" duration-ms="1224" status="PASS">
          <reporter-output>
          </reporter-output>
        </test-method> <!-- Adminlogout -->
      </class> <!-- OHRM_testcases.employee_registrationeTrst -->
    </test> <!-- emp registraion -->
    <test started-at="2024-02-28T07:33:16Z" name="user creation" finished-at="2024-02-28T07:33:47Z" duration-ms="31255">
      <class name="OHRM_testcases.usercreate_test">
        <test-method is-config="true" signature="lunchApp()[pri:0, instance:OHRM_testcases.usercreate_test@59d016c9]" started-at="2024-02-28T07:32:47Z" name="lunchApp" finished-at="2024-02-28T07:32:58Z" duration-ms="11110" status="PASS">
          <reporter-output>
          </reporter-output>
        </test-method> <!-- lunchApp -->
        <test-method is-config="true" signature="Adminlogin()[pri:0, instance:OHRM_testcases.usercreate_test@59d016c9]" started-at="2024-02-28T07:33:16Z" name="Adminlogin" finished-at="2024-02-28T07:33:18Z" duration-ms="2032" status="PASS">
          <reporter-output>
          </reporter-output>
        </test-method> <!-- Adminlogin -->
        <test-method signature="createUser(java.lang.String, java.lang.String, java.lang.String)[pri:0, instance:OHRM_testcases.usercreate_test@59d016c9]" started-at="2024-02-28T07:33:18Z" name="createUser" finished-at="2024-02-28T07:33:46Z" duration-ms="27736" status="PASS">
          <params>
            <param index="0">
              <value>
                <![CDATA[latinum p]]>
              </value>
            </param>
            <param index="1">
              <value>
                <![CDATA[platina]]>
              </value>
            </param>
            <param index="2">
              <value>
                <![CDATA[Platinum@143.]]>
              </value>
            </param>
          </params>
          <reporter-output>
          </reporter-output>
        </test-method> <!-- createUser -->
        <test-method is-config="true" signature="Adminlogout()[pri:0, instance:OHRM_testcases.usercreate_test@59d016c9]" started-at="2024-02-28T07:33:46Z" name="Adminlogout" finished-at="2024-02-28T07:33:47Z" duration-ms="1479" status="PASS">
          <reporter-output>
          </reporter-output>
        </test-method> <!-- Adminlogout -->
        <test-method is-config="true" signature="closeApp()[pri:0, instance:OHRM_testcases.usercreate_test@59d016c9]" started-at="2024-02-28T07:33:47Z" name="closeApp" finished-at="2024-02-28T07:33:48Z" duration-ms="751" status="PASS">
          <reporter-output>
          </reporter-output>
        </test-method> <!-- closeApp -->
      </class> <!-- OHRM_testcases.usercreate_test -->
    </test> <!-- user creation -->
  </suite> <!-- orange hrm test suite -->
</testng-results>
